<?xml version="1.0" encoding="UTF-8"?>
<!-- Generated by org.testng.reporters.JUnitXMLReporter -->
<testsuite ignored="0" hostname="Tripuranjali" failures="0" tests="6" name="Default test" time="26.302" errors="0" timestamp="2025-02-08T23:53:25 IST">
  <testcase classname="com.TestCases.GreenCartPurchase" name="purchaseOrder" time="3.792"/>
  <testcase classname="com.TestCases.GreenCartPurchase" name="purchaseOrder" time="2.567"/>
  <testcase classname="com.TestCases.GreenCartPurchase" name="purchaseOrder" time="2.974"/>
  <testcase classname="com.TestCases.GreenCartPurchase" name="purchaseOrder" time="2.49"/>
  <testcase classname="com.TestCases.GreenCartPurchase" name="purchaseOrder" time="3.411"/>
  <testcase classname="com.TestCases.GreenCartPurchase" name="purchaseOrder" time="3.132"/>
</testsuite> <!-- Default test -->
