<?xml version="1.0" encoding="UTF-8"?>
<!-- Generated by org.testng.reporters.JUnitXMLReporter -->
<testsuite ignored="0" hostname="Tripuranjali" failures="0" tests="6" name="Test" time="40.347" errors="0" timestamp="2025-02-12T11:34:00 IST">
  <testcase classname="com.TestCases.GreenCartPurchase" name="purchaseOrder" time="5.096"/>
  <testcase classname="com.TestCases.GreenCartPurchase" name="purchaseOrder" time="3.833"/>
  <testcase classname="com.TestCases.GreenCartPurchase" name="purchaseOrder" time="3.758"/>
  <testcase classname="com.TestCases.GreenCartPurchase" name="purchaseOrder" time="3.746"/>
  <testcase classname="com.TestCases.GreenCartPurchase" name="purchaseOrder" time="3.798"/>
  <testcase classname="com.TestCases.GreenCartPurchase" name="purchaseOrder" time="3.792"/>
</testsuite> <!-- Test -->
